07:46:14::INFO: Start training on splits/hoge_splits.json
07:46:14::INFO: Setting CUDA device: 0
07:46:23::INFO: Epoch: 1/100    Loss: 0.13655
07:46:27::INFO: Epoch: 2/100    Loss: 0.10454
07:46:30::INFO: Epoch: 3/100    Loss: 0.09782
07:46:34::INFO: Epoch: 4/100    Loss: 0.09434
07:46:37::INFO: Epoch: 5/100    Loss: 0.09517
07:46:41::INFO: Epoch: 6/100    Loss: 0.09575
07:46:44::INFO: Epoch: 7/100    Loss: 0.08853
07:46:48::INFO: Epoch: 8/100    Loss: 0.08392
07:46:51::INFO: Epoch: 9/100    Loss: 0.08080
07:46:55::INFO: Epoch: 10/100   Loss: 0.07908
07:46:58::INFO: Epoch: 11/100   Loss: 0.07517
07:47:02::INFO: Epoch: 12/100   Loss: 0.07099
07:47:05::INFO: Epoch: 13/100   Loss: 0.06366
07:47:09::INFO: Epoch: 14/100   Loss: 0.05882
07:47:12::INFO: Epoch: 15/100   Loss: 0.06006
07:47:16::INFO: Epoch: 16/100   Loss: 0.05870
07:47:20::INFO: Epoch: 17/100   Loss: 0.05327
07:47:23::INFO: Epoch: 18/100   Loss: 0.04166
07:47:27::INFO: Epoch: 19/100   Loss: 0.03814
07:47:31::INFO: Epoch: 20/100   Loss: 0.03287
07:47:34::INFO: Epoch: 21/100   Loss: 0.02918
07:47:38::INFO: Epoch: 22/100   Loss: 0.02753
07:47:41::INFO: Epoch: 23/100   Loss: 0.02856
07:47:45::INFO: Epoch: 24/100   Loss: 0.02269
07:47:48::INFO: Epoch: 25/100   Loss: 0.02054
07:47:52::INFO: Epoch: 26/100   Loss: 0.01863
07:47:56::INFO: Epoch: 27/100   Loss: 0.01770
07:48:00::INFO: Epoch: 28/100   Loss: 0.01522
07:48:03::INFO: Epoch: 29/100   Loss: 0.01418
07:48:07::INFO: Epoch: 30/100   Loss: 0.01420
07:48:10::INFO: Epoch: 31/100   Loss: 0.01207
07:48:14::INFO: Epoch: 32/100   Loss: 0.01084
07:48:18::INFO: Epoch: 33/100   Loss: 0.01039
07:48:22::INFO: Epoch: 34/100   Loss: 0.01171
07:48:25::INFO: Epoch: 35/100   Loss: 0.01242
07:48:29::INFO: Epoch: 36/100   Loss: 0.01191
07:48:32::INFO: Epoch: 37/100   Loss: 0.01039
07:48:36::INFO: Epoch: 38/100   Loss: 0.01015
07:48:40::INFO: Epoch: 39/100   Loss: 0.00909
07:48:44::INFO: Epoch: 40/100   Loss: 0.00890
07:48:47::INFO: Epoch: 41/100   Loss: 0.00949
07:48:51::INFO: Epoch: 42/100   Loss: 0.01032
07:48:55::INFO: Epoch: 43/100   Loss: 0.01086
07:48:59::INFO: Epoch: 44/100   Loss: 0.00942
07:49:02::INFO: Epoch: 45/100   Loss: 0.00838
07:49:06::INFO: Epoch: 46/100   Loss: 0.00739
07:49:10::INFO: Epoch: 47/100   Loss: 0.00810
07:49:14::INFO: Epoch: 48/100   Loss: 0.00768
07:49:17::INFO: Epoch: 49/100   Loss: 0.00615
07:49:21::INFO: Epoch: 50/100   Loss: 0.00508
07:49:25::INFO: Epoch: 51/100   Loss: 0.00457
07:49:29::INFO: Epoch: 52/100   Loss: 0.00417
07:49:32::INFO: Epoch: 53/100   Loss: 0.00398
07:49:37::INFO: Epoch: 54/100   Loss: 0.00383
07:49:40::INFO: Epoch: 55/100   Loss: 0.00366
07:49:44::INFO: Epoch: 56/100   Loss: 0.00350
07:49:48::INFO: Epoch: 57/100   Loss: 0.00325
07:49:52::INFO: Epoch: 58/100   Loss: 0.00318
07:49:55::INFO: Epoch: 59/100   Loss: 0.00311
07:49:59::INFO: Epoch: 60/100   Loss: 0.00300
07:50:03::INFO: Epoch: 61/100   Loss: 0.00298
07:50:07::INFO: Epoch: 62/100   Loss: 0.00291
07:50:10::INFO: Epoch: 63/100   Loss: 0.00285
07:50:15::INFO: Epoch: 64/100   Loss: 0.00288
07:50:18::INFO: Epoch: 65/100   Loss: 0.00276
07:50:22::INFO: Epoch: 66/100   Loss: 0.00269
07:50:26::INFO: Epoch: 67/100   Loss: 0.00279
07:50:30::INFO: Epoch: 68/100   Loss: 0.00320
07:50:33::INFO: Epoch: 69/100   Loss: 0.00394
07:50:38::INFO: Epoch: 70/100   Loss: 0.00632
07:50:41::INFO: Epoch: 71/100   Loss: 0.00743
07:50:45::INFO: Epoch: 72/100   Loss: 0.00842
07:50:49::INFO: Epoch: 73/100   Loss: 0.00610
07:50:53::INFO: Epoch: 74/100   Loss: 0.00455
07:50:57::INFO: Epoch: 75/100   Loss: 0.00337
07:51:01::INFO: Epoch: 76/100   Loss: 0.00290
07:51:04::INFO: Epoch: 77/100   Loss: 0.00243
07:51:09::INFO: Epoch: 78/100   Loss: 0.00234
07:51:12::INFO: Epoch: 79/100   Loss: 0.00221
07:51:16::INFO: Epoch: 80/100   Loss: 0.00220
07:51:20::INFO: Epoch: 81/100   Loss: 0.00197
07:51:24::INFO: Epoch: 82/100   Loss: 0.00193
07:51:28::INFO: Epoch: 83/100   Loss: 0.00186
07:51:32::INFO: Epoch: 84/100   Loss: 0.00172
07:51:36::INFO: Epoch: 85/100   Loss: 0.00167
07:51:40::INFO: Epoch: 86/100   Loss: 0.00160
07:51:44::INFO: Epoch: 87/100   Loss: 0.00151
07:51:49::INFO: Epoch: 88/100   Loss: 0.00146
07:51:52::INFO: Epoch: 89/100   Loss: 0.00141
07:51:56::INFO: Epoch: 90/100   Loss: 0.00133
07:52:00::INFO: Epoch: 91/100   Loss: 0.00131
07:52:05::INFO: Epoch: 92/100   Loss: 0.00139
07:52:08::INFO: Epoch: 93/100   Loss: 0.00135
07:52:13::INFO: Epoch: 94/100   Loss: 0.00137
07:52:16::INFO: Epoch: 95/100   Loss: 0.00135
07:52:21::INFO: Epoch: 96/100   Loss: 0.00136
07:52:25::INFO: Epoch: 97/100   Loss: 0.00150
07:52:29::INFO: Epoch: 98/100   Loss: 0.00165
07:52:33::INFO: Epoch: 99/100   Loss: 0.00173
07:52:37::INFO: Epoch: 100/100   Loss: 0.00210
07:52:37::INFO: File: splits/hoge_splits.json   Fold: 1/4   Corr:  0.55616  Avg F-score: 0.16788  Max F-score: 0.16788
07:52:37::INFO: Setting CUDA device: 0
07:52:41::INFO: Epoch: 1/100    Loss: 0.13467
07:52:46::INFO: Epoch: 2/100    Loss: 0.10617
07:52:49::INFO: Epoch: 3/100    Loss: 0.10331
07:52:54::INFO: Epoch: 4/100    Loss: 0.09123
07:52:58::INFO: Epoch: 5/100    Loss: 0.08980
07:53:02::INFO: Epoch: 6/100    Loss: 0.08536
07:53:06::INFO: Epoch: 7/100    Loss: 0.08208
07:53:10::INFO: Epoch: 8/100    Loss: 0.07478
07:53:13::INFO: Epoch: 9/100    Loss: 0.07496
07:53:18::INFO: Epoch: 10/100   Loss: 0.06980
07:53:22::INFO: Epoch: 11/100   Loss: 0.06430
07:53:26::INFO: Epoch: 12/100   Loss: 0.06185
07:53:30::INFO: Epoch: 13/100   Loss: 0.06108
07:53:34::INFO: Epoch: 14/100   Loss: 0.05483
07:53:38::INFO: Epoch: 15/100   Loss: 0.05215
07:53:42::INFO: Epoch: 16/100   Loss: 0.05153
07:53:46::INFO: Epoch: 17/100   Loss: 0.04058
07:53:50::INFO: Epoch: 18/100   Loss: 0.03599
07:53:54::INFO: Epoch: 19/100   Loss: 0.03998
07:53:59::INFO: Epoch: 20/100   Loss: 0.03609
07:54:02::INFO: Epoch: 21/100   Loss: 0.03249
07:54:07::INFO: Epoch: 22/100   Loss: 0.03336
07:54:11::INFO: Epoch: 23/100   Loss: 0.03166
07:54:15::INFO: Epoch: 24/100   Loss: 0.02659
07:54:19::INFO: Epoch: 25/100   Loss: 0.02119
07:54:23::INFO: Epoch: 26/100   Loss: 0.01845
07:54:27::INFO: Epoch: 27/100   Loss: 0.01680
07:54:31::INFO: Epoch: 28/100   Loss: 0.01565
07:54:35::INFO: Epoch: 29/100   Loss: 0.01393
07:54:40::INFO: Epoch: 30/100   Loss: 0.01327
07:54:44::INFO: Epoch: 31/100   Loss: 0.01274
07:54:48::INFO: Epoch: 32/100   Loss: 0.01222
07:54:52::INFO: Epoch: 33/100   Loss: 0.01080
07:54:56::INFO: Epoch: 34/100   Loss: 0.00951
07:55:00::INFO: Epoch: 35/100   Loss: 0.00867
07:55:04::INFO: Epoch: 36/100   Loss: 0.00805
07:55:08::INFO: Epoch: 37/100   Loss: 0.00758
07:55:13::INFO: Epoch: 38/100   Loss: 0.00739
07:55:16::INFO: Epoch: 39/100   Loss: 0.00684
07:55:21::INFO: Epoch: 40/100   Loss: 0.00655
07:55:25::INFO: Epoch: 41/100   Loss: 0.00671
07:55:29::INFO: Epoch: 42/100   Loss: 0.00655
07:55:33::INFO: Epoch: 43/100   Loss: 0.00653
07:55:37::INFO: Epoch: 44/100   Loss: 0.00723
07:55:41::INFO: Epoch: 45/100   Loss: 0.00814
07:55:46::INFO: Epoch: 46/100   Loss: 0.00895
07:55:50::INFO: Epoch: 47/100   Loss: 0.00828
07:55:54::INFO: Epoch: 48/100   Loss: 0.00622
07:55:58::INFO: Epoch: 49/100   Loss: 0.00568
07:56:02::INFO: Epoch: 50/100   Loss: 0.00544
07:56:06::INFO: Epoch: 51/100   Loss: 0.00487
07:56:11::INFO: Epoch: 52/100   Loss: 0.00428
07:56:15::INFO: Epoch: 53/100   Loss: 0.00420
07:56:19::INFO: Epoch: 54/100   Loss: 0.00452
07:56:23::INFO: Epoch: 55/100   Loss: 0.00416
07:56:28::INFO: Epoch: 56/100   Loss: 0.00463
07:56:32::INFO: Epoch: 57/100   Loss: 0.00457
07:56:36::INFO: Epoch: 58/100   Loss: 0.00644
07:56:40::INFO: Epoch: 59/100   Loss: 0.00609
07:56:44::INFO: Epoch: 60/100   Loss: 0.00549
07:56:48::INFO: Epoch: 61/100   Loss: 0.00442
07:56:54::INFO: Epoch: 62/100   Loss: 0.00346
07:56:57::INFO: Epoch: 63/100   Loss: 0.00319
07:57:02::INFO: Epoch: 64/100   Loss: 0.00295
07:57:06::INFO: Epoch: 65/100   Loss: 0.00275
07:57:10::INFO: Epoch: 66/100   Loss: 0.00256
07:57:14::INFO: Epoch: 67/100   Loss: 0.00237
07:57:19::INFO: Epoch: 68/100   Loss: 0.00230
07:57:22::INFO: Epoch: 69/100   Loss: 0.00219
07:57:28::INFO: Epoch: 70/100   Loss: 0.00211
07:57:31::INFO: Epoch: 71/100   Loss: 0.00202
07:57:36::INFO: Epoch: 72/100   Loss: 0.00196
07:57:40::INFO: Epoch: 73/100   Loss: 0.00209
07:57:45::INFO: Epoch: 74/100   Loss: 0.00201
07:57:49::INFO: Epoch: 75/100   Loss: 0.00190
07:57:54::INFO: Epoch: 76/100   Loss: 0.00202
07:57:57::INFO: Epoch: 77/100   Loss: 0.00215
07:58:02::INFO: Epoch: 78/100   Loss: 0.00211
07:58:06::INFO: Epoch: 79/100   Loss: 0.00220
07:58:11::INFO: Epoch: 80/100   Loss: 0.00201
07:58:15::INFO: Epoch: 81/100   Loss: 0.00209
07:58:19::INFO: Epoch: 82/100   Loss: 0.00233
07:58:23::INFO: Epoch: 83/100   Loss: 0.00382
07:58:28::INFO: Epoch: 84/100   Loss: 0.00369
07:58:32::INFO: Epoch: 85/100   Loss: 0.00384
07:58:37::INFO: Epoch: 86/100   Loss: 0.00371
07:58:41::INFO: Epoch: 87/100   Loss: 0.00397
07:58:45::INFO: Epoch: 88/100   Loss: 0.00482
07:58:49::INFO: Epoch: 89/100   Loss: 0.00394
07:58:54::INFO: Epoch: 90/100   Loss: 0.00328
07:58:57::INFO: Epoch: 91/100   Loss: 0.00276
07:59:02::INFO: Epoch: 92/100   Loss: 0.00281
07:59:07::INFO: Epoch: 93/100   Loss: 0.00209
07:59:11::INFO: Epoch: 94/100   Loss: 0.00177
07:59:15::INFO: Epoch: 95/100   Loss: 0.00149
07:59:20::INFO: Epoch: 96/100   Loss: 0.00132
07:59:24::INFO: Epoch: 97/100   Loss: 0.00127
07:59:29::INFO: Epoch: 98/100   Loss: 0.00130
07:59:33::INFO: Epoch: 99/100   Loss: 0.00138
07:59:38::INFO: Epoch: 100/100   Loss: 0.00160
07:59:38::INFO: File: splits/hoge_splits.json   Fold: 2/4   Corr:  0.51604  Avg F-score: 0.17629  Max F-score: 0.17629
07:59:38::INFO: Setting CUDA device: 0
07:59:43::INFO: Epoch: 1/100    Loss: 0.13073
07:59:47::INFO: Epoch: 2/100    Loss: 0.10333
07:59:51::INFO: Epoch: 3/100    Loss: 0.09504
07:59:56::INFO: Epoch: 4/100    Loss: 0.08817
08:00:00::INFO: Epoch: 5/100    Loss: 0.08645
08:00:05::INFO: Epoch: 6/100    Loss: 0.08281
08:00:10::INFO: Epoch: 7/100    Loss: 0.07836
08:00:14::INFO: Epoch: 8/100    Loss: 0.07252
08:00:18::INFO: Epoch: 9/100    Loss: 0.07459
08:00:23::INFO: Epoch: 10/100   Loss: 0.07213
08:00:27::INFO: Epoch: 11/100   Loss: 0.06286
08:00:32::INFO: Epoch: 12/100   Loss: 0.06654
08:00:36::INFO: Epoch: 13/100   Loss: 0.05640
08:00:41::INFO: Epoch: 14/100   Loss: 0.05102
08:00:45::INFO: Epoch: 15/100   Loss: 0.04814
08:00:50::INFO: Epoch: 16/100   Loss: 0.04748
08:00:55::INFO: Epoch: 17/100   Loss: 0.04158
08:01:00::INFO: Epoch: 18/100   Loss: 0.03526
08:01:04::INFO: Epoch: 19/100   Loss: 0.02835
08:01:09::INFO: Epoch: 20/100   Loss: 0.02525
08:01:13::INFO: Epoch: 21/100   Loss: 0.02269
08:01:18::INFO: Epoch: 22/100   Loss: 0.02678
08:01:22::INFO: Epoch: 23/100   Loss: 0.02558
08:01:27::INFO: Epoch: 24/100   Loss: 0.02210
08:01:31::INFO: Epoch: 25/100   Loss: 0.01938
08:01:36::INFO: Epoch: 26/100   Loss: 0.01779
08:01:40::INFO: Epoch: 27/100   Loss: 0.01582
08:01:45::INFO: Epoch: 28/100   Loss: 0.01432
08:01:49::INFO: Epoch: 29/100   Loss: 0.01353
08:01:54::INFO: Epoch: 30/100   Loss: 0.01318
08:01:59::INFO: Epoch: 31/100   Loss: 0.01182
08:02:04::INFO: Epoch: 32/100   Loss: 0.01096
08:02:08::INFO: Epoch: 33/100   Loss: 0.01076
08:02:13::INFO: Epoch: 34/100   Loss: 0.00985
08:02:17::INFO: Epoch: 35/100   Loss: 0.00957
08:02:22::INFO: Epoch: 36/100   Loss: 0.00947
08:02:26::INFO: Epoch: 37/100   Loss: 0.00951
08:02:31::INFO: Epoch: 38/100   Loss: 0.00903
08:02:35::INFO: Epoch: 39/100   Loss: 0.00777
08:02:40::INFO: Epoch: 40/100   Loss: 0.00731
08:02:44::INFO: Epoch: 41/100   Loss: 0.00693
08:02:49::INFO: Epoch: 42/100   Loss: 0.00633
08:02:54::INFO: Epoch: 43/100   Loss: 0.00620
08:02:59::INFO: Epoch: 44/100   Loss: 0.00671
08:03:03::INFO: Epoch: 45/100   Loss: 0.00642
08:03:08::INFO: Epoch: 46/100   Loss: 0.00827
08:03:12::INFO: Epoch: 47/100   Loss: 0.00683
08:03:17::INFO: Epoch: 48/100   Loss: 0.00554
08:03:21::INFO: Epoch: 49/100   Loss: 0.00526
08:03:26::INFO: Epoch: 50/100   Loss: 0.00546
08:03:30::INFO: Epoch: 51/100   Loss: 0.00495
08:03:36::INFO: Epoch: 52/100   Loss: 0.00471
08:03:41::INFO: Epoch: 53/100   Loss: 0.00473
08:03:46::INFO: Epoch: 54/100   Loss: 0.00436
08:03:50::INFO: Epoch: 55/100   Loss: 0.00449
08:03:55::INFO: Epoch: 56/100   Loss: 0.00388
08:03:59::INFO: Epoch: 57/100   Loss: 0.00359
08:04:05::INFO: Epoch: 58/100   Loss: 0.00338
08:04:10::INFO: Epoch: 59/100   Loss: 0.00322
08:04:14::INFO: Epoch: 60/100   Loss: 0.00307
08:04:18::INFO: Epoch: 61/100   Loss: 0.00298
08:04:23::INFO: Epoch: 62/100   Loss: 0.00293
08:04:28::INFO: Epoch: 63/100   Loss: 0.00286
08:04:33::INFO: Epoch: 64/100   Loss: 0.00290
08:04:37::INFO: Epoch: 65/100   Loss: 0.00285
08:04:42::INFO: Epoch: 66/100   Loss: 0.00278
08:04:46::INFO: Epoch: 67/100   Loss: 0.00296
08:04:51::INFO: Epoch: 68/100   Loss: 0.00281
08:04:56::INFO: Epoch: 69/100   Loss: 0.00288
08:05:01::INFO: Epoch: 70/100   Loss: 0.00279
08:05:05::INFO: Epoch: 71/100   Loss: 0.00277
08:05:10::INFO: Epoch: 72/100   Loss: 0.00280
08:05:14::INFO: Epoch: 73/100   Loss: 0.00267
08:05:20::INFO: Epoch: 74/100   Loss: 0.00261
08:05:24::INFO: Epoch: 75/100   Loss: 0.00336
08:05:29::INFO: Epoch: 76/100   Loss: 0.00299
08:05:33::INFO: Epoch: 77/100   Loss: 0.00316
08:05:38::INFO: Epoch: 78/100   Loss: 0.00364
08:05:43::INFO: Epoch: 79/100   Loss: 0.00304
08:05:48::INFO: Epoch: 80/100   Loss: 0.00274
08:05:53::INFO: Epoch: 81/100   Loss: 0.00238
08:05:58::INFO: Epoch: 82/100   Loss: 0.00199
08:06:02::INFO: Epoch: 83/100   Loss: 0.00200
08:06:07::INFO: Epoch: 84/100   Loss: 0.00206
08:06:12::INFO: Epoch: 85/100   Loss: 0.00187
08:06:17::INFO: Epoch: 86/100   Loss: 0.00183
08:06:21::INFO: Epoch: 87/100   Loss: 0.00178
08:06:26::INFO: Epoch: 88/100   Loss: 0.00177
08:06:30::INFO: Epoch: 89/100   Loss: 0.00160
08:06:36::INFO: Epoch: 90/100   Loss: 0.00145
08:06:40::INFO: Epoch: 91/100   Loss: 0.00143
08:06:45::INFO: Epoch: 92/100   Loss: 0.00138
08:06:49::INFO: Epoch: 93/100   Loss: 0.00128
08:06:54::INFO: Epoch: 94/100   Loss: 0.00129
08:06:59::INFO: Epoch: 95/100   Loss: 0.00126
08:07:03::INFO: Epoch: 96/100   Loss: 0.00122
08:07:08::INFO: Epoch: 97/100   Loss: 0.00113
08:07:13::INFO: Epoch: 98/100   Loss: 0.00111
08:07:17::INFO: Epoch: 99/100   Loss: 0.00116
08:07:22::INFO: Epoch: 100/100   Loss: 0.00119
08:07:22::INFO: File: splits/hoge_splits.json   Fold: 3/4   Corr: -1.00000  Avg F-score: 0.19273  Max F-score: 0.19273
08:07:23::INFO: Setting CUDA device: 0
08:07:28::INFO: Epoch: 1/100    Loss: 0.14821
08:07:33::INFO: Epoch: 2/100    Loss: 0.11919
08:07:37::INFO: Epoch: 3/100    Loss: 0.10893
08:07:42::INFO: Epoch: 4/100    Loss: 0.10511
08:07:46::INFO: Epoch: 5/100    Loss: 0.09664
08:07:51::INFO: Epoch: 6/100    Loss: 0.09270
08:07:55::INFO: Epoch: 7/100    Loss: 0.09074
08:08:00::INFO: Epoch: 8/100    Loss: 0.08377
08:08:05::INFO: Epoch: 9/100    Loss: 0.08080
08:08:09::INFO: Epoch: 10/100   Loss: 0.07499
08:08:14::INFO: Epoch: 11/100   Loss: 0.07131
08:08:19::INFO: Epoch: 12/100   Loss: 0.07239
08:08:23::INFO: Epoch: 13/100   Loss: 0.05962
08:08:28::INFO: Epoch: 14/100   Loss: 0.05903
08:08:32::INFO: Epoch: 15/100   Loss: 0.05435
08:08:37::INFO: Epoch: 16/100   Loss: 0.05319
08:08:42::INFO: Epoch: 17/100   Loss: 0.04499
08:08:47::INFO: Epoch: 18/100   Loss: 0.04097
08:08:51::INFO: Epoch: 19/100   Loss: 0.03574
08:08:56::INFO: Epoch: 20/100   Loss: 0.03327
08:09:00::INFO: Epoch: 21/100   Loss: 0.03022
08:09:05::INFO: Epoch: 22/100   Loss: 0.02563
08:09:10::INFO: Epoch: 23/100   Loss: 0.02409
08:09:14::INFO: Epoch: 24/100   Loss: 0.02347
08:09:19::INFO: Epoch: 25/100   Loss: 0.02153
08:09:23::INFO: Epoch: 26/100   Loss: 0.01857
08:09:28::INFO: Epoch: 27/100   Loss: 0.01847
08:09:33::INFO: Epoch: 28/100   Loss: 0.01632
08:09:38::INFO: Epoch: 29/100   Loss: 0.01635
08:09:42::INFO: Epoch: 30/100   Loss: 0.01443
08:09:47::INFO: Epoch: 31/100   Loss: 0.01270
08:09:52::INFO: Epoch: 32/100   Loss: 0.01153
08:09:57::INFO: Epoch: 33/100   Loss: 0.01193
08:10:02::INFO: Epoch: 34/100   Loss: 0.01040
08:10:06::INFO: Epoch: 35/100   Loss: 0.01056
08:10:11::INFO: Epoch: 36/100   Loss: 0.01077
08:10:15::INFO: Epoch: 37/100   Loss: 0.01084
08:10:20::INFO: Epoch: 38/100   Loss: 0.00937
08:10:24::INFO: Epoch: 39/100   Loss: 0.00878
08:10:29::INFO: Epoch: 40/100   Loss: 0.00846
08:10:33::INFO: Epoch: 41/100   Loss: 0.00951
08:10:38::INFO: Epoch: 42/100   Loss: 0.01034
08:10:42::INFO: Epoch: 43/100   Loss: 0.00984
08:10:47::INFO: Epoch: 44/100   Loss: 0.00785
08:10:52::INFO: Epoch: 45/100   Loss: 0.00832
08:10:57::INFO: Epoch: 46/100   Loss: 0.00720
08:11:01::INFO: Epoch: 47/100   Loss: 0.00632
08:11:06::INFO: Epoch: 48/100   Loss: 0.00578
08:11:10::INFO: Epoch: 49/100   Loss: 0.00575
08:11:15::INFO: Epoch: 50/100   Loss: 0.00526
08:11:19::INFO: Epoch: 51/100   Loss: 0.00490
08:11:25::INFO: Epoch: 52/100   Loss: 0.00453
08:11:29::INFO: Epoch: 53/100   Loss: 0.00409
08:11:34::INFO: Epoch: 54/100   Loss: 0.00403
08:11:38::INFO: Epoch: 55/100   Loss: 0.00402
08:11:43::INFO: Epoch: 56/100   Loss: 0.00394
08:11:47::INFO: Epoch: 57/100   Loss: 0.00370
08:11:52::INFO: Epoch: 58/100   Loss: 0.00384
08:11:56::INFO: Epoch: 59/100   Loss: 0.00357
08:12:02::INFO: Epoch: 60/100   Loss: 0.00348
08:12:06::INFO: Epoch: 61/100   Loss: 0.00329
08:12:12::INFO: Epoch: 62/100   Loss: 0.00314
08:12:16::INFO: Epoch: 63/100   Loss: 0.00317
08:12:22::INFO: Epoch: 64/100   Loss: 0.00297
08:12:27::INFO: Epoch: 65/100   Loss: 0.00297
08:12:32::INFO: Epoch: 66/100   Loss: 0.00292
08:12:36::INFO: Epoch: 67/100   Loss: 0.00276
08:12:41::INFO: Epoch: 68/100   Loss: 0.00280
08:12:46::INFO: Epoch: 69/100   Loss: 0.00271
08:12:51::INFO: Epoch: 70/100   Loss: 0.00259
08:12:55::INFO: Epoch: 71/100   Loss: 0.00248
08:13:00::INFO: Epoch: 72/100   Loss: 0.00229
08:13:04::INFO: Epoch: 73/100   Loss: 0.00220
08:13:09::INFO: Epoch: 74/100   Loss: 0.00232
08:13:13::INFO: Epoch: 75/100   Loss: 0.00221
08:13:18::INFO: Epoch: 76/100   Loss: 0.00221
08:13:23::INFO: Epoch: 77/100   Loss: 0.00217
08:13:27::INFO: Epoch: 78/100   Loss: 0.00204
08:13:31::INFO: Epoch: 79/100   Loss: 0.00211
08:13:37::INFO: Epoch: 80/100   Loss: 0.00214
08:13:41::INFO: Epoch: 81/100   Loss: 0.00224
08:13:46::INFO: Epoch: 82/100   Loss: 0.00237
08:13:50::INFO: Epoch: 83/100   Loss: 0.00244
08:13:55::INFO: Epoch: 84/100   Loss: 0.00327
08:14:00::INFO: Epoch: 85/100   Loss: 0.00451
08:14:04::INFO: Epoch: 86/100   Loss: 0.00433
08:14:09::INFO: Epoch: 87/100   Loss: 0.00535
08:14:13::INFO: Epoch: 88/100   Loss: 0.00443
08:14:18::INFO: Epoch: 89/100   Loss: 0.00360
08:14:23::INFO: Epoch: 90/100   Loss: 0.00330
08:14:27::INFO: Epoch: 91/100   Loss: 0.00246
08:14:32::INFO: Epoch: 92/100   Loss: 0.00189
08:14:37::INFO: Epoch: 93/100   Loss: 0.00180
08:14:41::INFO: Epoch: 94/100   Loss: 0.00164
08:14:45::INFO: Epoch: 95/100   Loss: 0.00140
08:14:50::INFO: Epoch: 96/100   Loss: 0.00129
08:14:55::INFO: Epoch: 97/100   Loss: 0.00123
08:15:00::INFO: Epoch: 98/100   Loss: 0.00116
08:15:04::INFO: Epoch: 99/100   Loss: 0.00117
08:15:10::INFO: Epoch: 100/100   Loss: 0.00107
08:15:10::INFO: File: splits/hoge_splits.json   Fold: 4/4   Corr:  0.47820  Avg F-score: 0.20679  Max F-score: 0.20679
08:15:10::INFO: File: splits/hoge_splits.json   Cross-validation Corr:  0.13760  Avg F-score: 0.18592  Max F-score: 0.18592
08:15:10::INFO: File: splits/hoge_splits.json   Best weights: logs/1624088772_TransformerTrainer/hoge_splits.json.pth
08:15:10::INFO: Setting CUDA device: 0
08:15:13::INFO: File: splits/hoge_splits.json   Machine predictions: logs/1624088772_TransformerTrainer/hoge_splits.json_preds.h5
